0.076138
0.093311
0.093531
0.134906
0.093684
0.107396
0.12096
0.135327
0.076072
0.056057
0.081023
0.085584
0.072421
0.093679
0.08153
0.079227
0.095855
0.076926
0.089433
0.098832
0.101763
0.08756
0.105968
0.090763
0.08742
0.072368
0.106567
0.094537
0.105739
0.073666
0.094952
0.097374
0.073959
0.105876
0.084825
0.089586
0.071234
0.08062
0.081689
0.088801
0.080073
0.086387
0.078059
0.081867
0.065616
0.110128
0.077271
0.093795
0.104371
0.081333
0.084233
0.108708
0.085413
0.085152
0.077657
0.080577
0.082253
0.078338
0.091882
0.077314
0.105711
0.089393
0.117577
0.076347
0.105426
0.075004
0.104127
0.060409
0.095886
0.091163
0.076758
0.073887
0.090709
0.093623
0.068911
0.093546
0.07729
0.086455
0.073739
0.1033
0.076554
0.080288
0.092354
0.097888
0.079388
0.090425
0.08097
0.090632
0.081171
0.091664
0.085365
0.092894
0.083458
0.102571
0.092508
0.083474
0.093354
0.081095
0.08373
0.077323
0.106567
0.08952
0.086544
0.073089
0.10456
0.072267
0.106509
0.072063
0.102895
0.081447
0.094795
0.089301
0.077865
0.073798
0.081035
0.095623
0.073206
0.08297
0.097615
0.091625
0.073641
0.096554
0.089082
0.105214
0.096553
0.109833
0.085771
0.107053
0.065294
0.076312
0.090069
0.099103
0.070014
0.075916
0.098366
0.087711
0.086008
0.093134
0.100569
0.076404
0.122181
0.087074
0.06095
0.076572
0.077017
0.07427
0.105036
0.092847
0.087664
0.063858
0.090129
0.091548
0.102111
0.069185
0.080272
0.076412
0.114825
0.090503
0.079374
0.073309
0.096584
0.086785
0.042087
0.108385
0.083664
0.091684
0.090527
0.086942
0.094989
0.101354
0.100713
0.08782
0.061865
0.088527
0.087167
0.088066
0.08971
0.066975
0.089828
0.081257
0.090203
0.07971
0.095652
0.083487
0.091505
0.075685
0.086223
0.099431
0.059672
0.094878
0.064473
0.105699
0.091713
0.087073
0.098126
0.085467
0.073733
0.092726
0.100057
0.093673
0.095246
0.077262
0.113436
0.078213
0.106796
0.09545
0.08919
0.077682
0.106157
0.092993
0.113402
0.072973
0.075721
0.087465
0.079684
0.083988
0.0683
0.087014
0.070322
0.084244
0.06965
0.105912
0.075014
0.096603
0.067446
0.092823
0.070287
0.081807
0.077887
0.061436
0.092513
0.061271
0.081485
0.091707
0.107298
0.086181
0.090113
0.063872
0.078166
0.116776
0.08822
0.100735
0.087603
0.10121
0.066365
0.14266
0.080242
0.104978
0.08965
0.113352
0.083995
0.089667
0.078904
0.076633
0.074925
0.076193
0.110122
0.090324
0.077876
0.069221
0.098342
0.100693
0.092561
0.080909
0.067892
0.084179
0.075056
0.105448
0.091227
0.085936
0.082146
0.079408
0.077745
0.090746
0.068595
0.096545
0.071862
0.074102
0.09853
0.08358
0.111928
0.082239
0.079546
0.059235
0.088007
0.064516
0.104495
0.089317
0.066959
0.095726
0.091759
0.083779
0.095024
0.093899
0.078923
0.097732
0.105947
0.068913
0.093322
0.089656
0.08785
0.087179
0.099155
0.100853
0.085079
0.116942
0.090047
0.124558
0.066826
0.112042
0.067767
0.124996
0.086242
0.122691
0.085723
0.092741
0.082597
0.078911
0.097319
0.10148
0.094941
0.08744
0.107053
0.089044
0.09425
0.0845
0.089766
0.094767
0.083448
0.078856
0.114207
0.084859
0.108281
0.101373
0.097017
0.07727
0.067632
0.107033
0.106194
0.099192
0.099883
0.070294
0.092655
0.085518
0.099156
0.094663
0.078346
0.094208
0.094562
0.105557
0.080735
0.100879
0.080446
0.112742
0.098529
0.108374
0.085847
0.160943
0.094788
0.106267
0.092817
0.108941
0.093121
0.088106
0.107064
0.109408
0.085009
0.07568
0.095695
0.086928
0.086788
0.091417
0.086783
0.074237
0.104384
0.080706
0.08827
0.081651
0.087252
0.076018
0.105084
0.076218
0.095053
0.059439
0.088415
0.083401
0.07481
0.09591
0.071575
0.106329
0.083404
0.094916
0.087654
0.0947
0.081557
0.11069
0.074972
0.068414
0.089922
0.07654
0.085008
0.097292
0.096635
0.07926
0.10847
0.103353
0.118527
0.079243
0.11335
0.098588
0.087247
0.07635
0.087763
0.091473
0.077244
0.089976
0.06955
0.060909
0.082442
0.095783
0.074648
0.102196
0.082301
0.092571
0.101314
0.102835
0.088444
0.096968
0.081995
0.094829
0.096108
0.13752
0.074347
0.101682
0.06606
0.077039
0.086588
0.069309
0.077145
0.086211
0.077098
0.091416
0.081392
0.088309
0.082347
0.10281
0.089222
0.090247
0.070357
0.076418
0.091794
0.079346
0.092409
0.070012
0.06201
0.083406
0.097045
0.080852
0.096289
0.078485
0.09203
0.062394
0.095007
0.095641
0.076749
0.096737
0.086973
0.111673
0.071088
0.113583
0.060651
0.099012
0.060611
0.081269
0.088349
0.058613
0.103429
0.084762
0.093314
0.081452
0.097101
0.080798
0.089009
0.077733
0.067028
0.102818
0.084171
0.099589
0.06992
0.096018
0.081273
0.111318
0.076642
0.094302
0.081395
0.097548
0.064326
0.098595
0.069846
0.089968
0.090164
0.078989
0.107711
0.080882
0.085198
0.074282
0.118575
0.080612
0.108741
0.08962
0.084537
0.074717
0.087584
0.083117
0.087012
0.09016
0.081915
0.102135
0.089959
0.088172
0.089899
0.103241
0.086323
0.105846
0.079127
0.06573
0.085107
0.068576
0.06937
0.084867
0.111679
0.095618
0.075875
0.091502
0.104818
0.096097
0.118162
0.058234
0.084243
0.071571
0.074639
0.0664
0.064615
0.111659
0.069327
0.076812
0.076678
0.109818
0.097854
0.075899
0.067789
0.078216
0.092939
0.078574
0.090655
0.069105
0.098588
0.078918
0.107105
0.086709
0.088927
0.081523
0.087005
0.088335
0.086907
0.109025
0.086368
0.103927
0.092464
0.1082
0.078235
0.104385
0.080423
0.09263
0.091939
0.060465
0.109162
0.089781
0.111009
0.1023
0.102882
0.085033
0.079434
0.074952
0.107639
0.081132
0.086533
0.081478
0.077194
0.089414
0.08916
0.104427
0.079791
0.108369
0.08232
0.103185
0.077942
0.090771
0.076393
0.079086
0.080098
0.092154
0.096489
0.071865
0.085182
0.086797
0.07468
0.058534
0.083902
0.106203
0.083726
0.064639
0.088938
0.097028
0.075618
0.101608
0.094272
0.066526
0.075232
0.094394
0.075757
0.081828
0.072178
0.080965
0.063536
0.099766
0.09739
0.08045
0.096799
0.080942
0.103425
0.064881
0.102015
0.088021
0.090519
0.080471
0.095692
0.078164
0.07324
0.096514
0.082916
0.112532
0.082952
0.109899
0.09165
0.11672
0.099034
0.097441
0.095488
0.102015
0.075859
0.112341
0.096838
0.105367
0.084671
0.097637
0.101594
0.099578
0.073638
0.083233
0.106824
0.091577
0.088132
0.102375
0.083721
0.103925
0.093518
0.07526
0.079585
0.082576
0.082341
0.097058
0.101817
0.088869
0.110821
0.056412
0.091279
0.095262
0.107974
0.078877
0.110328
0.093755
0.08904
0.07818
0.092675
0.068678
0.102923
0.09565
0.084499
0.08187
0.099806
0.102474
0.087004
0.109083
0.069679
0.082741
0.085222
0.087199
0.064464
0.086169
0.064906
0.113908
0.096287
0.089984
0.077917
0.0832
0.112948
0.078347
0.082984
0.097066
0.109875
0.102294
0.085119
0.099324
0.070168
0.087602
0.104494
0.095595
0.090476
0.091135
0.092784
0.094871
0.08492
0.08439
0.077537
0.095207
0.080136
0.096793
0.080605
0.074209
0.08633
0.085429
0.084254
0.120626
0.067298
0.111405
0.071979
0.122555
0.083073
0.086476
0.091041
0.119972
0.082576
0.077567
0.081905
0.08428
0.064026
0.075269
0.088346
0.08148
0.105557
0.094135
0.091783
0.08201
0.088335
0.079867
0.126649
0.085113
0.103754
0.107977
0.091151
0.090812
0.097895
0.074101
0.097269
0.104695
0.106059
0.096194
0.105012
0.079051
0.061342
0.091764
0.072567
0.078052
0.075796
0.096809
0.091231
0.10393
0.088942
0.10022
0.093437
0.100104
0.097774
0.114818
0.078154
0.089615
0.098316
0.093781
0.083042
0.070812
0.130078
0.066025
0.091463
0.102888
0.097443
0.080918
0.107931
0.100127
0.087006
0.089732
0.120672
0.09398
0.107466
0.088122
0.074492
0.095543
0.090744
0.079697
0.076388
0.089314
0.072037
0.09218
0.101191
0.088768
0.087499
0.101622
0.09242
0.101612
0.092734
0.100558
0.080323
0.085053
0.095085
0.085438
0.072896
0.108385
0.073734
0.109259
0.077534
0.08304
0.09818
0.099296
0.079973
0.090961
0.094382
0.095185
0.098563
0.084776
0.094201
0.086289
0.10458
0.095608
0.07018
0.098636
0.119458
0.089967
0.099967
0.099775
0.099707
0.098908
0.086632
0.085759
0.092393
0.102398
0.091343
0.121061
0.091146
0.088169
0.092317
0.091896
0.080461
0.105146
0.101556
0.107691
0.075684
0.067244
0.07721
0.073824
0.100962
0.073458
0.080379
0.085284
0.095441
0.088661
0.085524
0.092068
0.111059
0.076931
0.10949
0.093368
0.103585
0.084582
0.071477
0.091989
0.115034
0.069942
0.06851
0.058758
0.085691
0.092943
0.08041
0.105578
0.062808
0.126664
0.090602
0.095481
0.081867
0.109851
0.070624
0.097421
0.093401
0.117082
0.092707
0.093935
0.084527
0.095998
0.093579
0.090897
0.122209
0.115198
0.108811
0.093019
0.073096
0.079771
0.099545
0.088592
0.096761
0.075794
0.092061
0.099247
0.10419
0.086303
0.113844
0.078535
0.113597
0.075795
0.100977
0.080096
0.095742
0.096588
0.075966
0.101301
0.100398
0.117697
0.082846
0.078859
0.070698
0.114886
0.09215
0.118324
0.071624
0.086291
0.06189
0.089148
0.085606
0.077379
0.109632
0.083182
0.08892
0.075102
0.11065
0.063488
0.114959
0.094367
0.116481
0.060446
0.109946
0.077334
0.080626
0.086553
0.113668
0.080913
0.103375
0.093148
0.081754
0.084055
0.093908
0.107554
0.091958
0.11673
0.08963
0.072223
0.075842
0.105427
0.093183
0.107562
0.10158
0.070056
0.083338
0.082551
0.081056
0.095632
0.088952
0.079282
0.100132
0.097635
0.089852
0.092945
0.09948
0.073645
0.102267
0.101565
0.084885
0.074254
0.092787
0.076226
0.086484
0.087864
0.077108
0.075944
total: 89.262791
